2019/03/21 06:23:04:file not writable: /home/beachybeach/public_html/.htaccess
2019/03/21 06:23:22:file not writable: /home/beachybeach/public_html/.htaccess
2019/03/21 06:23:27:file not writable: /home/beachybeach/public_html/.htaccess
2019/03/27 13:09:25:file not writable: /home/beachybeach/public_html/.htaccess
2019/03/27 13:11:02:file not writable: /home/beachybeach/public_html/.htaccess
2019/03/27 13:11:14:file not writable: /home/beachybeach/public_html/.htaccess
2019/03/27 13:11:14:file not writable: /home/beachybeach/public_html/.htaccess
2019/03/27 13:11:14:file not writable: /home/beachybeach/public_html/.htaccess
2019/03/27 13:11:14:file not writable: /home/beachybeach/public_html/.htaccess
2019/03/27 13:51:08:file not writable: /home/beachybeach/public_html/.htaccess
2019/03/27 13:51:29:file not writable: /home/beachybeach/public_html/.htaccess
2019/03/27 13:51:33:file not writable: /home/beachybeach/public_html/.htaccess
2019/03/27 13:53:15:file not writable: /home/beachybeach/public_html/.htaccess
2019/03/27 13:54:44:file not writable: /home/beachybeach/public_html/.htaccess
2019/03/27 13:54:44:file not writable: /home/beachybeach/public_html/.htaccess
2019/03/27 13:54:44:file not writable: /home/beachybeach/public_html/.htaccess
2019/03/27 13:54:44:file not writable: /home/beachybeach/public_html/.htaccess
2019/04/09 14:44:05:Failed send mail. To:aaron@aaronrich.com Subject:WordPress: Updates Available @ https://beachybeach.test
2019/04/09 14:44:05:Failed send mail. To:angie@beachybeach.com Subject:WordPress: Updates Available @ https://beachybeach.test
2019/04/09 14:44:05:Failed send mail. To:britt@beachybeach.com Subject:WordPress: Updates Available @ https://beachybeach.test
2019/04/09 14:44:05:Failed send mail. To:chad@beachybeach.com Subject:WordPress: Updates Available @ https://beachybeach.test
2019/04/09 14:44:05:Failed send mail. To:daron@kerigan.com Subject:WordPress: Updates Available @ https://beachybeach.test
2019/04/09 14:44:05:Failed send mail. To:katieogburn@beachybeach.com Subject:WordPress: Updates Available @ https://beachybeach.test
2019/04/09 14:44:05:Failed send mail. To:support@kerigan.com Subject:WordPress: Updates Available @ https://beachybeach.test
2019/04/09 14:44:05:Failed send mail. To:lacey@beachybeach.com Subject:WordPress: Updates Available @ https://beachybeach.test
2019/04/09 14:44:05:Failed send mail. To:opey@beachybeach.com Subject:WordPress: Updates Available @ https://beachybeach.test
2019/04/09 14:44:05:Failed send mail. To:scott@beachybeach.com Subject:WordPress: Updates Available @ https://beachybeach.test
2019/04/09 14:44:05:Failed send mail. To:vu@aaronrich.com Subject:WordPress: Updates Available @ https://beachybeach.test
2019/04/09 14:48:05:Failed send mail. To:support@kerigan.com Subject:New login at Beachy Beach Real Estate
2019/04/09 15:15:21:Failed send mail. To:support@kerigan.com Subject:New login at Beachy Beach Real Estate
2019/04/09 15:15:49:Failed send mail. To:support@kerigan.com Subject:New login at Beachy Beach Real Estate
